Log file open, 12/06/19 20:01:58
LogWindows: Failed to load 'aqProf.dll' (GetLastError=126)
LogWindows: File 'aqProf.dll' does not exist
LogWindows: Failed to load 'VtuneApi.dll' (GetLastError=126)
LogWindows: File 'VtuneApi.dll' does not exist
LogWindows: Failed to load 'VtuneApi32e.dll' (GetLastError=126)
LogWindows: File 'VtuneApi32e.dll' does not exist
LogConsoleResponse: Display: Failed to find resolution value strings in scalability ini. Falling back to default.
LogInit: Display: Running engine for game: GameMechanics
LogPakFile: Registered encryption key '00000000000000000000000000000000': 0 pak files mounted, 0 remain pending
LogPlatformFile: Not using cached read wrapper
LogTaskGraph: Started task graph with 5 named threads and 23 total threads with 3 sets of task threads.
LogStats: Stats thread started at 0.283458
LogD3D11RHI: Loaded GFSDK_Aftermath_Lib.x64.dll
LogICUInternationalization: ICU TimeZone Detection - Raw Offset: +8:00, Platform Override: ''
LogPluginManager: Mounting plugin Paper2D
LogPluginManager: Mounting plugin AISupport
LogPluginManager: Mounting plugin LightPropagationVolume
LogPluginManager: Mounting plugin ActorLayerUtilities
LogPluginManager: Mounting plugin AnimationSharing
LogPluginManager: Mounting plugin CLionSourceCodeAccess
LogPluginManager: Mounting plugin CodeLiteSourceCodeAccess
LogPluginManager: Mounting plugin GitSourceControl
LogPluginManager: Mounting plugin KDevelopSourceCodeAccess
LogPluginManager: Mounting plugin NullSourceCodeAccess
LogPluginManager: Mounting plugin PerforceSourceControl
LogPluginManager: Mounting plugin SubversionSourceControl
LogPluginManager: Mounting plugin UObjectPlugin
LogPluginManager: Mounting plugin VisualStudioCodeSourceCodeAccess
LogPluginManager: Mounting plugin VisualStudioSourceCodeAccess
LogPluginManager: Mounting plugin XCodeSourceCodeAccess
LogPluginManager: Mounting plugin AssetManagerEditor
LogPluginManager: Mounting plugin CryptoKeys
LogPluginManager: Mounting plugin DataValidation
LogPluginManager: Mounting plugin FacialAnimation
LogPluginManager: Mounting plugin GameplayTagsEditor
LogPluginManager: Mounting plugin MacGraphicsSwitching
LogPluginManager: Mounting plugin MaterialAnalyzer
LogPluginManager: Mounting plugin MobileLauncherProfileWizard
LogPluginManager: Mounting plugin PluginBrowser
LogPluginManager: Mounting plugin SpeedTreeImporter
LogPluginManager: Mounting plugin DatasmithContent
LogPluginManager: Mounting plugin VariantManagerContent
LogPluginManager: Mounting plugin AlembicImporter
LogPluginManager: Mounting plugin AppleImageUtils
LogPluginManager: Mounting plugin AppleVision
LogPluginManager: Mounting plugin BackChannel
LogPluginManager: Mounting plugin CharacterAI
LogPluginManager: Mounting plugin GeometryCache
LogPluginManager: Mounting plugin HTML5Networking
LogPluginManager: Mounting plugin ProxyLODPlugin
LogPluginManager: Mounting plugin SkeletalReduction
LogPluginManager: Mounting plugin MagicLeap
LogPluginManager: Mounting plugin MagicLeapMedia
LogPluginManager: Mounting plugin AndroidMedia
LogPluginManager: Mounting plugin AvfMedia
LogPluginManager: Mounting plugin ImgMedia
LogPluginManager: Mounting plugin LinearTimecode
LogPluginManager: Mounting plugin MediaCompositing
LogPluginManager: Mounting plugin MediaPlayerEditor
LogPluginManager: Mounting plugin WebMMedia
LogPluginManager: Mounting plugin WmfMedia
LogPluginManager: Mounting plugin TcpMessaging
LogPluginManager: Mounting plugin UdpMessaging
LogPluginManager: Mounting plugin ActorSequence
LogPluginManager: Mounting plugin LevelSequenceEditor
LogPluginManager: Mounting plugin MatineeToLevelSequence
LogPluginManager: Mounting plugin NetcodeUnitTest
LogPluginManager: Mounting plugin NUTUnrealEngine4
LogPluginManager: Mounting plugin OnlineSubsystemGooglePlay
LogPluginManager: Mounting plugin OnlineSubsystemIOS
LogPluginManager: Mounting plugin OnlineSubsystem
LogPluginManager: Mounting plugin OnlineSubsystemNull
LogPluginManager: Mounting plugin OnlineSubsystemUtils
LogPluginManager: Mounting plugin LauncherChunkInstaller
LogPluginManager: Mounting plugin AndroidDeviceProfileSelector
LogPluginManager: Mounting plugin AndroidMoviePlayer
LogPluginManager: Mounting plugin AndroidPermission
LogPluginManager: Mounting plugin AppleMoviePlayer
LogPluginManager: Mounting plugin ArchVisCharacter
LogPluginManager: Mounting plugin AudioCapture
LogPluginManager: Mounting plugin CableComponent
LogPluginManager: Mounting plugin CustomMeshComponent
LogPluginManager: Mounting plugin EditableMesh
LogPluginManager: Mounting plugin ExampleDeviceProfileSelector
LogPluginManager: Mounting plugin Firebase
LogPluginManager: Mounting plugin GoogleCloudMessaging
LogPluginManager: Mounting plugin IOSDeviceProfileSelector
LogPluginManager: Mounting plugin LinuxDeviceProfileSelector
LogPluginManager: Mounting plugin LocationServicesBPLibrary
LogPluginManager: Mounting plugin MobilePatchingUtils
LogPluginManager: Mounting plugin OculusVR
LogPluginManager: Mounting plugin PhysXVehicles
LogPluginManager: Mounting plugin ProceduralMeshComponent
LogPluginManager: Mounting plugin RuntimePhysXCooking
LogPluginManager: Mounting plugin SignificanceManager
LogPluginManager: Mounting plugin SteamVR
LogPluginManager: Mounting plugin WebMMoviePlayer
LogPluginManager: Mounting plugin WindowsMoviePlayer
LogInit: Using libcurl 7.55.1-DEV
LogInit:  - built for x86_64-pc-win32
LogInit:  - supports SSL with OpenSSL/1.1.1
LogInit:  - supports HTTP deflate (compression) using libz 1.2.8
LogInit:  - other features:
LogInit:      CURL_VERSION_SSL
LogInit:      CURL_VERSION_LIBZ
LogInit:      CURL_VERSION_IPV6
LogInit:      CURL_VERSION_ASYNCHDNS
LogInit:      CURL_VERSION_LARGEFILE
LogInit:      CURL_VERSION_IDN
LogInit:  CurlRequestOptions (configurable via config and command line):
LogInit:  - bVerifyPeer = true  - Libcurl will verify peer certificate
LogInit:  - bUseHttpProxy = false  - Libcurl will NOT use HTTP proxy
LogInit:  - bDontReuseConnections = false  - Libcurl will reuse connections
LogInit:  - MaxHostConnections = 16  - Libcurl will limit the number of connections to a host
LogInit:  - LocalHostAddr = Default
LogInit:  - BufferSize = 65536
LogInit: WinSock: version 1.1 (2.2), MaxSocks=32767, MaxUdp=65467
LogInit: Build: ++UE4+Release-4.22-CL-7053642
LogInit: Engine Version: 4.22.3-7053642+++UE4+Release-4.22
LogInit: Compatible Engine Version: 4.22.0-5660361+++UE4+Release-4.22
LogInit: Net CL: 5660361
LogInit: OS: Windows 10 (Release 1903) (), CPU: Intel(R) Core(TM) i7-6700HQ CPU @ 2.60GHz, GPU: NVIDIA GeForce GTX 980M
LogInit: Compiled (64-bit): Jun 18 2019 03:09:11
LogInit: Compiled with Visual C++: 19.16.27025.01
LogInit: Build Configuration: Development
LogInit: Branch Name: ++UE4+Release-4.22
LogInit: Command Line: 
LogInit: Base Directory: D:/asus/Documents/Ethan/UE_4.22/Engine/Binaries/Win64/
LogInit: Installed Engine Build: 1
LogDevObjectVersion: Number of dev versions registered: 23
LogDevObjectVersion:   Dev-Blueprints (B0D832E4-1F89-4F0D-ACCF-7EB736FD4AA2): 10
LogDevObjectVersion:   Dev-Build (E1C64328-A22C-4D53-A36C-8E866417BD8C): 0
LogDevObjectVersion:   Dev-Core (375EC13C-06E4-48FB-B500-84F0262A717E): 3
LogDevObjectVersion:   Dev-Editor (E4B068ED-F494-42E9-A231-DA0B2E46BB41): 30
LogDevObjectVersion:   Dev-Framework (CFFC743F-43B0-4480-9391-14DF171D2073): 35
LogDevObjectVersion:   Dev-Mobile (B02B49B5-BB20-44E9-A304-32B752E40360): 2
LogDevObjectVersion:   Dev-Networking (A4E4105C-59A1-49B5-A7C5-40C4547EDFEE): 0
LogDevObjectVersion:   Dev-Online (39C831C9-5AE6-47DC-9A44-9C173E1C8E7C): 0
LogDevObjectVersion:   Dev-Physics (78F01B33-EBEA-4F98-B9B4-84EACCB95AA2): 0
LogDevObjectVersion:   Dev-Platform (6631380F-2D4D-43E0-8009-CF276956A95A): 0
LogDevObjectVersion:   Dev-Rendering (12F88B9F-8875-4AFC-A67C-D90C383ABD29): 28
LogDevObjectVersion:   Dev-Sequencer (7B5AE74C-D270-4C10-A958-57980B212A5A): 11
LogDevObjectVersion:   Dev-VR (D7296918-1DD6-4BDD-9DE2-64A83CC13884): 2
LogDevObjectVersion:   Dev-LoadTimes (C2A15278-BFE7-4AFE-6C17-90FF531DF755): 1
LogDevObjectVersion:   Private-Geometry (6EACA3D4-40EC-4CC1-B786-8BED09428FC5): 3
LogDevObjectVersion:   Dev-AnimPhys (29E575DD-E0A3-4627-9D10-D276232CDCEA): 17
LogDevObjectVersion:   Dev-Anim (AF43A65D-7FD3-4947-9873-3E8ED9C1BB05): 2
LogDevObjectVersion:   Dev-ReflectionCapture (6B266CEC-1EC7-4B8F-A30B-E4D90942FC07): 1
LogDevObjectVersion:   Dev-Automation (0DF73D61-A23F-47EA-B727-89E90C41499A): 1
LogDevObjectVersion:   FortniteMain (601D1886-AC64-4F84-AA16-D3DE0DEAC7D6): 25
LogDevObjectVersion:   Dev-Enterprise (9DFFBCD6-494F-0158-E221-12823C92A888): 6
LogDevObjectVersion:   Dev-Niagara (F2AED0AC-9AFE-416F-8664-AA7FFA26D6FC): 1
LogDevObjectVersion:   Dev-Destruction (174F1F0B-B4C6-45A5-B13F-2EE8D0FB917D): 2
LogInit: Presizing for max 16777216 objects, including 0 objects not considered by GC, pre-allocating 0 bytes for permanent pool.
LogInit: Object subsystem initialized
LogConfig: Setting CVar [[con.DebugEarlyDefault:1]]
LogConfig: Setting CVar [[r.setres:1280x720]]
[2019.12.06-12.01.58:856][  0]LogConfig: Setting CVar [[r.VSync:0]]
[2019.12.06-12.01.58:856][  0]LogConfig: Setting CVar [[r.RHICmdBypass:0]]
[2019.12.06-12.01.58:856][  0]LogConfig: Applying CVar settings from Section [/Script/Engine.RendererSettings] File [C:/Users/asus/Documents/GitHub/ThirdPersonGame/GameMechanics/Saved/Config/Windows/Engine.ini]
[2019.12.06-12.01.58:856][  0]LogConfig: Setting CVar [[r.GPUCrashDebugging:0]]
[2019.12.06-12.01.58:856][  0]LogConfig: Applying CVar settings from Section [/Script/Engine.RendererOverrideSettings] File [C:/Users/asus/Documents/GitHub/ThirdPersonGame/GameMechanics/Saved/Config/Windows/Engine.ini]
[2019.12.06-12.01.58:856][  0]LogConfig: Applying CVar settings from Section [/Script/Engine.StreamingSettings] File [C:/Users/asus/Documents/GitHub/ThirdPersonGame/GameMechanics/Saved/Config/Windows/Engine.ini]
[2019.12.06-12.01.58:856][  0]LogConfig: Setting CVar [[s.MinBulkDataSizeForAsyncLoading:131072]]
[2019.12.06-12.01.58:856][  0]LogConfig: Setting CVar [[s.AsyncLoadingThreadEnabled:0]]
[2019.12.06-12.01.58:856][  0]LogConfig: Setting CVar [[s.EventDrivenLoaderEnabled:1]]
[2019.12.06-12.01.58:856][  0]LogConfig: Setting CVar [[s.WarnIfTimeLimitExceeded:0]]
[2019.12.06-12.01.58:856][  0]LogConfig: Setting CVar [[s.TimeLimitExceededMultiplier:1.5]]
[2019.12.06-12.01.58:856][  0]LogConfig: Setting CVar [[s.TimeLimitExceededMinTime:0.005]]
[2019.12.06-12.01.58:856][  0]LogConfig: Setting CVar [[s.UseBackgroundLevelStreaming:1]]
[2019.12.06-12.01.58:856][  0]LogConfig: Setting CVar [[s.PriorityAsyncLoadingExtraTime:15.0]]
[2019.12.06-12.01.58:856][  0]LogConfig: Setting CVar [[s.LevelStreamingActorsUpdateTimeLimit:5.0]]
[2019.12.06-12.01.58:856][  0]LogConfig: Setting CVar [[s.PriorityLevelStreamingActorsUpdateExtraTime:5.0]]
[2019.12.06-12.01.58:856][  0]LogConfig: Setting CVar [[s.LevelStreamingComponentsRegistrationGranularity:10]]
[2019.12.06-12.01.58:856][  0]LogConfig: Setting CVar [[s.UnregisterComponentsTimeLimit:1.0]]
[2019.12.06-12.01.58:856][  0]LogConfig: Setting CVar [[s.LevelStreamingComponentsUnregistrationGranularity:5]]
[2019.12.06-12.01.58:856][  0]LogConfig: Applying CVar settings from Section [/Script/Engine.GarbageCollectionSettings] File [C:/Users/asus/Documents/GitHub/ThirdPersonGame/GameMechanics/Saved/Config/Windows/Engine.ini]
[2019.12.06-12.01.58:856][  0]LogConfig: Setting CVar [[gc.MaxObjectsNotConsideredByGC:1]]
[2019.12.06-12.01.58:856][  0]LogConfig: Setting CVar [[gc.SizeOfPermanentObjectPool:0]]
[2019.12.06-12.01.58:856][  0]LogConfig: Setting CVar [[gc.FlushStreamingOnGC:0]]
[2019.12.06-12.01.58:856][  0]LogConfig: Setting CVar [[gc.NumRetriesBeforeForcingGC:10]]
[2019.12.06-12.01.58:856][  0]LogConfig: Setting CVar [[gc.AllowParallelGC:1]]
[2019.12.06-12.01.58:856][  0]LogConfig: Setting CVar [[gc.TimeBetweenPurgingPendingKillObjects:61.1]]
[2019.12.06-12.01.58:856][  0]LogConfig: Setting CVar [[gc.MaxObjectsInEditor:16777216]]
[2019.12.06-12.01.58:857][  0]LogConfig: Setting CVar [[gc.IncrementalBeginDestroyEnabled:1]]
[2019.12.06-12.01.58:857][  0]LogConfig: Setting CVar [[gc.CreateGCClusters:1]]
[2019.12.06-12.01.58:857][  0]LogConfig: Setting CVar [[gc.MinGCClusterSize:5]]
[2019.12.06-12.01.58:857][  0]LogConfig: Setting CVar [[gc.ActorClusteringEnabled:0]]
[2019.12.06-12.01.58:857][  0]LogConfig: Setting CVar [[gc.BlueprintClusteringEnabled:0]]
[2019.12.06-12.01.58:857][  0]LogConfig: Setting CVar [[gc.UseDisregardForGCOnDedicatedServers:0]]
[2019.12.06-12.01.58:857][  0]LogConfig: Applying CVar settings from Section [/Script/Engine.NetworkSettings] File [C:/Users/asus/Documents/GitHub/ThirdPersonGame/GameMechanics/Saved/Config/Windows/Engine.ini]
[2019.12.06-12.01.58:857][  0]LogConfig: Applying CVar settings from Section [/Script/UnrealEd.CookerSettings] File [C:/Users/asus/Documents/GitHub/ThirdPersonGame/GameMechanics/Saved/Config/Windows/Engine.ini]
[2019.12.06-12.01.58:862][  0]LogConfig: Applying CVar settings from Section [ViewDistanceQuality@3] File [C:/Users/asus/Documents/GitHub/ThirdPersonGame/GameMechanics/Saved/Config/Windows/Scalability.ini]
[2019.12.06-12.01.58:862][  0]LogConfig: Setting CVar [[r.SkeletalMeshLODBias:0]]
[2019.12.06-12.01.58:862][  0]LogConfig: Setting CVar [[r.ViewDistanceScale:1.0]]
[2019.12.06-12.01.58:862][  0]LogConfig: Applying CVar settings from Section [AntiAliasingQuality@3] File [C:/Users/asus/Documents/GitHub/ThirdPersonGame/GameMechanics/Saved/Config/Windows/Scalability.ini]
[2019.12.06-12.01.58:862][  0]LogConfig: Setting CVar [[r.PostProcessAAQuality:4]]
[2019.12.06-12.01.58:862][  0]LogConfig: Applying CVar settings from Section [ShadowQuality@3] File [C:/Users/asus/Documents/GitHub/ThirdPersonGame/GameMechanics/Saved/Config/Windows/Scalability.ini]
[2019.12.06-12.01.58:862][  0]LogConfig: Setting CVar [[r.LightFunctionQuality:1]]
[2019.12.06-12.01.58:862][  0]LogConfig: Setting CVar [[r.ShadowQuality:5]]
[2019.12.06-12.01.58:862][  0]LogConfig: Setting CVar [[r.Shadow.CSM.MaxCascades:10]]
[2019.12.06-12.01.58:862][  0]LogConfig: Setting CVar [[r.Shadow.MaxResolution:2048]]
[2019.12.06-12.01.58:863][  0]LogConfig: Setting CVar [[r.Shadow.MaxCSMResolution:2048]]
[2019.12.06-12.01.58:863][  0]LogConfig: Setting CVar [[r.Shadow.RadiusThreshold:0.01]]
[2019.12.06-12.01.58:863][  0]LogConfig: Setting CVar [[r.Shadow.DistanceScale:1.0]]
[2019.12.06-12.01.58:863][  0]LogConfig: Setting CVar [[r.Shadow.CSM.TransitionScale:1.0]]
[2019.12.06-12.01.58:863][  0]LogConfig: Setting CVar [[r.Shadow.PreShadowResolutionFactor:1.0]]
[2019.12.06-12.01.58:863][  0]LogConfig: Setting CVar [[r.DistanceFieldShadowing:1]]
[2019.12.06-12.01.58:863][  0]LogConfig: Setting CVar [[r.DistanceFieldAO:1]]
[2019.12.06-12.01.58:863][  0]LogConfig: Setting CVar [[r.AOQuality:2]]
[2019.12.06-12.01.58:863][  0]LogConfig: Setting CVar [[r.VolumetricFog:1]]
[2019.12.06-12.01.58:863][  0]LogConfig: Setting CVar [[r.VolumetricFog.GridPixelSize:8]]
[2019.12.06-12.01.58:863][  0]LogConfig: Setting CVar [[r.VolumetricFog.GridSizeZ:128]]
[2019.12.06-12.01.58:863][  0]LogConfig: Setting CVar [[r.VolumetricFog.HistoryMissSupersampleCount:4]]
[2019.12.06-12.01.58:863][  0]LogConfig: Setting CVar [[r.LightMaxDrawDistanceScale:1]]
[2019.12.06-12.01.58:863][  0]LogConfig: Setting CVar [[r.CapsuleShadows:1]]
[2019.12.06-12.01.58:863][  0]LogConfig: Applying CVar settings from Section [PostProcessQuality@3] File [C:/Users/asus/Documents/GitHub/ThirdPersonGame/GameMechanics/Saved/Config/Windows/Scalability.ini]
[2019.12.06-12.01.58:863][  0]LogConfig: Setting CVar [[r.MotionBlurQuality:4]]
[2019.12.06-12.01.58:863][  0]LogConfig: Setting CVar [[r.AmbientOcclusionMipLevelFactor:0.4]]
[2019.12.06-12.01.58:863][  0]LogConfig: Setting CVar [[r.AmbientOcclusionMaxQuality:100]]
[2019.12.06-12.01.58:863][  0]LogConfig: Setting CVar [[r.AmbientOcclusionLevels:-1]]
[2019.12.06-12.01.58:863][  0]LogConfig: Setting CVar [[r.AmbientOcclusionRadiusScale:1.0]]
[2019.12.06-12.01.58:863][  0]LogConfig: Setting CVar [[r.DepthOfFieldQuality:2]]
[2019.12.06-12.01.58:863][  0]LogConfig: Setting CVar [[r.RenderTargetPoolMin:400]]
[2019.12.06-12.01.58:863][  0]LogConfig: Setting CVar [[r.LensFlareQuality:2]]
[2019.12.06-12.01.58:863][  0]LogConfig: Setting CVar [[r.SceneColorFringeQuality:1]]
[2019.12.06-12.01.58:863][  0]LogConfig: Setting CVar [[r.EyeAdaptationQuality:2]]
[2019.12.06-12.01.58:863][  0]LogConfig: Setting CVar [[r.BloomQuality:5]]
[2019.12.06-12.01.58:863][  0]LogConfig: Setting CVar [[r.FastBlurThreshold:100]]
[2019.12.06-12.01.58:863][  0]LogConfig: Setting CVar [[r.Upscale.Quality:3]]
[2019.12.06-12.01.58:863][  0]LogConfig: Setting CVar [[r.Tonemapper.GrainQuantization:1]]
[2019.12.06-12.01.58:863][  0]LogConfig: Setting CVar [[r.LightShaftQuality:1]]
[2019.12.06-12.01.58:863][  0]LogConfig: Setting CVar [[r.Filter.SizeScale:1]]
[2019.12.06-12.01.58:863][  0]LogConfig: Setting CVar [[r.Tonemapper.Quality:5]]
[2019.12.06-12.01.58:863][  0]LogConfig: Setting CVar [[r.DOF.Gather.AccumulatorQuality:1        ; higher gathering accumulator quality]]
[2019.12.06-12.01.58:863][  0]LogConfig: Setting CVar [[r.DOF.Gather.PostfilterMethod:1          ; Median3x3 postfilering method]]
[2019.12.06-12.01.58:863][  0]LogConfig: Setting CVar [[r.DOF.Gather.EnableBokehSettings:0       ; no bokeh simulation when gathering]]
[2019.12.06-12.01.58:863][  0]LogConfig: Setting CVar [[r.DOF.Gather.RingCount:4                 ; medium number of samples when gathering]]
[2019.12.06-12.01.58:863][  0]LogConfig: Setting CVar [[r.DOF.Scatter.ForegroundCompositing:1    ; additive foreground scattering]]
[2019.12.06-12.01.58:863][  0]LogConfig: Setting CVar [[r.DOF.Scatter.BackgroundCompositing:2    ; additive background scattering]]
[2019.12.06-12.01.58:863][  0]LogConfig: Setting CVar [[r.DOF.Scatter.EnableBokehSettings:1      ; bokeh simulation when scattering]]
[2019.12.06-12.01.58:863][  0]LogConfig: Setting CVar [[r.DOF.Scatter.MaxSpriteRatio:0.1         ; only a maximum of 10% of scattered bokeh]]
[2019.12.06-12.01.58:863][  0]LogConfig: Setting CVar [[r.DOF.Recombine.Quality:1                ; cheap slight out of focus]]
[2019.12.06-12.01.58:863][  0]LogConfig: Setting CVar [[r.DOF.Recombine.EnableBokehSettings:0    ; no bokeh simulation on slight out of focus]]
[2019.12.06-12.01.58:863][  0]LogConfig: Setting CVar [[r.DOF.TemporalAAQuality:1                ; more stable temporal accumulation]]
[2019.12.06-12.01.58:863][  0]LogConfig: Setting CVar [[r.DOF.Kernel.MaxForegroundRadius:0.025]]
[2019.12.06-12.01.58:863][  0]LogConfig: Setting CVar [[r.DOF.Kernel.MaxBackgroundRadius:0.025]]
[2019.12.06-12.01.58:863][  0]LogConfig: Applying CVar settings from Section [TextureQuality@3] File [C:/Users/asus/Documents/GitHub/ThirdPersonGame/GameMechanics/Saved/Config/Windows/Scalability.ini]
[2019.12.06-12.01.58:863][  0]LogConfig: Setting CVar [[r.Streaming.MipBias:0]]
[2019.12.06-12.01.58:863][  0]LogConfig: Setting CVar [[r.Streaming.AmortizeCPUToGPUCopy:0]]
[2019.12.06-12.01.58:863][  0]LogConfig: Setting CVar [[r.Streaming.MaxNumTexturesToStreamPerFrame:0]]
[2019.12.06-12.01.58:863][  0]LogConfig: Setting CVar [[r.Streaming.Boost:1]]
[2019.12.06-12.01.58:863][  0]LogConfig: Setting CVar [[r.MaxAnisotropy:8]]
[2019.12.06-12.01.58:863][  0]LogConfig: Setting CVar [[r.Streaming.LimitPoolSizeToVRAM:0]]
[2019.12.06-12.01.58:863][  0]LogConfig: Setting CVar [[r.Streaming.PoolSize:1000]]
[2019.12.06-12.01.58:863][  0]LogConfig: Setting CVar [[r.Streaming.MaxEffectiveScreenSize:0]]
[2019.12.06-12.01.58:863][  0]LogConfig: Applying CVar settings from Section [EffectsQuality@3] File [C:/Users/asus/Documents/GitHub/ThirdPersonGame/GameMechanics/Saved/Config/Windows/Scalability.ini]
[2019.12.06-12.01.58:864][  0]LogConfig: Setting CVar [[r.TranslucencyLightingVolumeDim:64]]
[2019.12.06-12.01.58:864][  0]LogConfig: Setting CVar [[r.RefractionQuality:2]]
[2019.12.06-12.01.58:864][  0]LogConfig: Setting CVar [[r.SSR.Quality:3]]
[2019.12.06-12.01.58:864][  0]LogConfig: Setting CVar [[r.SceneColorFormat:4]]
[2019.12.06-12.01.58:864][  0]LogConfig: Setting CVar [[r.DetailMode:2]]
[2019.12.06-12.01.58:864][  0]LogConfig: Setting CVar [[r.TranslucencyVolumeBlur:1]]
[2019.12.06-12.01.58:864][  0]LogConfig: Setting CVar [[r.MaterialQualityLevel:1 ; High quality]]
[2019.12.06-12.01.58:864][  0]LogConfig: Setting CVar [[r.SSS.Scale:1]]
[2019.12.06-12.01.58:864][  0]LogConfig: Setting CVar [[r.SSS.SampleSet:2]]
[2019.12.06-12.01.58:864][  0]LogConfig: Setting CVar [[r.SSS.Quality:1]]
[2019.12.06-12.01.58:864][  0]LogConfig: Setting CVar [[r.SSS.HalfRes:1]]
[2019.12.06-12.01.58:864][  0]LogConfig: Setting CVar [[r.EmitterSpawnRateScale:1.0]]
[2019.12.06-12.01.58:864][  0]LogConfig: Setting CVar [[r.ParticleLightQuality:2]]
[2019.12.06-12.01.58:864][  0]LogConfig: Applying CVar settings from Section [FoliageQuality@3] File [C:/Users/asus/Documents/GitHub/ThirdPersonGame/GameMechanics/Saved/Config/Windows/Scalability.ini]
[2019.12.06-12.01.58:864][  0]LogConfig: Setting CVar [[foliage.DensityScale:1.0]]
[2019.12.06-12.01.58:864][  0]LogConfig: Setting CVar [[grass.DensityScale:1.0]]
[2019.12.06-12.01.58:864][  0]LogInit: Selected Device Profile: [Windows]
[2019.12.06-12.01.58:864][  0]LogInit: Applying CVar settings loaded from the selected device profile: [Windows]
[2019.12.06-12.01.58:879][  0]LogHAL: Display: Platform has ~ 32 GB [34292178944 / 34359738368 / 32], which maps to Largest [LargestMinGB=32, LargerMinGB=12, DefaultMinGB=8, SmallerMinGB=6, SmallestMinGB=0)
[2019.12.06-12.01.58:879][  0]LogConfig: Setting CVar [[r.Vulkan.UseRealUBs:0		; Required until we fix HLR fall-out]]
[2019.12.06-12.01.58:879][  0]LogInit: Going up to parent DeviceProfile []
[2019.12.06-12.01.58:879][  0]LogConfig: Applying CVar settings from Section [ViewDistanceQuality@3] File [C:/Users/asus/Documents/GitHub/ThirdPersonGame/GameMechanics/Saved/Config/Windows/Scalability.ini]
[2019.12.06-12.01.58:879][  0]LogConfig: Setting CVar [[r.SkeletalMeshLODBias:0]]
[2019.12.06-12.01.58:879][  0]LogConfig: Setting CVar [[r.ViewDistanceScale:1.0]]
[2019.12.06-12.01.58:879][  0]LogConfig: Applying CVar settings from Section [AntiAliasingQuality@3] File [C:/Users/asus/Documents/GitHub/ThirdPersonGame/GameMechanics/Saved/Config/Windows/Scalability.ini]
[2019.12.06-12.01.58:879][  0]LogConfig: Setting CVar [[r.PostProcessAAQuality:4]]
[2019.12.06-12.01.58:879][  0]LogConfig: Applying CVar settings from Section [ShadowQuality@3] File [C:/Users/asus/Documents/GitHub/ThirdPersonGame/GameMechanics/Saved/Config/Windows/Scalability.ini]
[2019.12.06-12.01.58:879][  0]LogConfig: Setting CVar [[r.LightFunctionQuality:1]]
[2019.12.06-12.01.58:879][  0]LogConfig: Setting CVar [[r.ShadowQuality:5]]
[2019.12.06-12.01.58:879][  0]LogConfig: Setting CVar [[r.Shadow.CSM.MaxCascades:10]]
[2019.12.06-12.01.58:879][  0]LogConfig: Setting CVar [[r.Shadow.MaxResolution:2048]]
[2019.12.06-12.01.58:879][  0]LogConfig: Setting CVar [[r.Shadow.MaxCSMResolution:2048]]
[2019.12.06-12.01.58:879][  0]LogConfig: Setting CVar [[r.Shadow.RadiusThreshold:0.01]]
[2019.12.06-12.01.58:879][  0]LogConfig: Setting CVar [[r.Shadow.DistanceScale:1.0]]
[2019.12.06-12.01.58:879][  0]LogConfig: Setting CVar [[r.Shadow.CSM.TransitionScale:1.0]]
[2019.12.06-12.01.58:879][  0]LogConfig: Setting CVar [[r.Shadow.PreShadowResolutionFactor:1.0]]
[2019.12.06-12.01.58:879][  0]LogConfig: Setting CVar [[r.DistanceFieldShadowing:1]]
[2019.12.06-12.01.58:879][  0]LogConfig: Setting CVar [[r.DistanceFieldAO:1]]
[2019.12.06-12.01.58:879][  0]LogConfig: Setting CVar [[r.AOQuality:2]]
[2019.12.06-12.01.58:879][  0]LogConfig: Setting CVar [[r.VolumetricFog:1]]
[2019.12.06-12.01.58:879][  0]LogConfig: Setting CVar [[r.VolumetricFog.GridPixelSize:8]]
[2019.12.06-12.01.58:879][  0]LogConfig: Setting CVar [[r.VolumetricFog.GridSizeZ:128]]
[2019.12.06-12.01.58:879][  0]LogConfig: Setting CVar [[r.VolumetricFog.HistoryMissSupersampleCount:4]]
[2019.12.06-12.01.58:879][  0]LogConfig: Setting CVar [[r.LightMaxDrawDistanceScale:1]]
[2019.12.06-12.01.58:879][  0]LogConfig: Setting CVar [[r.CapsuleShadows:1]]
[2019.12.06-12.01.58:879][  0]LogConfig: Applying CVar settings from Section [PostProcessQuality@3] File [C:/Users/asus/Documents/GitHub/ThirdPersonGame/GameMechanics/Saved/Config/Windows/Scalability.ini]
[2019.12.06-12.01.58:879][  0]LogConfig: Setting CVar [[r.MotionBlurQuality:4]]
[2019.12.06-12.01.58:880][  0]LogConfig: Setting CVar [[r.AmbientOcclusionMipLevelFactor:0.4]]
[2019.12.06-12.01.58:880][  0]LogConfig: Setting CVar [[r.AmbientOcclusionMaxQuality:100]]
[2019.12.06-12.01.58:880][  0]LogConfig: Setting CVar [[r.AmbientOcclusionLevels:-1]]
[2019.12.06-12.01.58:880][  0]LogConfig: Setting CVar [[r.AmbientOcclusionRadiusScale:1.0]]
[2019.12.06-12.01.58:880][  0]LogConfig: Setting CVar [[r.DepthOfFieldQuality:2]]
[2019.12.06-12.01.58:880][  0]LogConfig: Setting CVar [[r.RenderTargetPoolMin:400]]
[2019.12.06-12.01.58:880][  0]LogConfig: Setting CVar [[r.LensFlareQuality:2]]
[2019.12.06-12.01.58:880][  0]LogConfig: Setting CVar [[r.SceneColorFringeQuality:1]]
[2019.12.06-12.01.58:880][  0]LogConfig: Setting CVar [[r.EyeAdaptationQuality:2]]
[2019.12.06-12.01.58:880][  0]LogConfig: Setting CVar [[r.BloomQuality:5]]
[2019.12.06-12.01.58:880][  0]LogConfig: Setting CVar [[r.FastBlurThreshold:100]]
[2019.12.06-12.01.58:880][  0]LogConfig: Setting CVar [[r.Upscale.Quality:3]]
[2019.12.06-12.01.58:880][  0]LogConfig: Setting CVar [[r.Tonemapper.GrainQuantization:1]]
[2019.12.06-12.01.58:880][  0]LogConfig: Setting CVar [[r.LightShaftQuality:1]]
[2019.12.06-12.01.58:880][  0]LogConfig: Setting CVar [[r.Filter.SizeScale:1]]
[2019.12.06-12.01.58:880][  0]LogConfig: Setting CVar [[r.Tonemapper.Quality:5]]
[2019.12.06-12.01.58:880][  0]LogConfig: Setting CVar [[r.DOF.Gather.AccumulatorQuality:1        ; higher gathering accumulator quality]]
[2019.12.06-12.01.58:880][  0]LogConfig: Setting CVar [[r.DOF.Gather.PostfilterMethod:1          ; Median3x3 postfilering method]]
[2019.12.06-12.01.58:880][  0]LogConfig: Setting CVar [[r.DOF.Gather.EnableBokehSettings:0       ; no bokeh simulation when gathering]]
[2019.12.06-12.01.58:880][  0]LogConfig: Setting CVar [[r.DOF.Gather.RingCount:4                 ; medium number of samples when gathering]]
[2019.12.06-12.01.58:880][  0]LogConfig: Setting CVar [[r.DOF.Scatter.ForegroundCompositing:1    ; additive foreground scattering]]
[2019.12.06-12.01.58:880][  0]LogConfig: Setting CVar [[r.DOF.Scatter.BackgroundCompositing:2    ; additive background scattering]]
[2019.12.06-12.01.58:880][  0]LogConfig: Setting CVar [[r.DOF.Scatter.EnableBokehSettings:1      ; bokeh simulation when scattering]]
[2019.12.06-12.01.58:880][  0]LogConfig: Setting CVar [[r.DOF.Scatter.MaxSpriteRatio:0.1         ; only a maximum of 10% of scattered bokeh]]
[2019.12.06-12.01.58:880][  0]LogConfig: Setting CVar [[r.DOF.Recombine.Quality:1                ; cheap slight out of focus]]
[2019.12.06-12.01.58:880][  0]LogConfig: Setting CVar [[r.DOF.Recombine.EnableBokehSettings:0    ; no bokeh simulation on slight out of focus]]
[2019.12.06-12.01.58:880][  0]LogConfig: Setting CVar [[r.DOF.TemporalAAQuality:1                ; more stable temporal accumulation]]
[2019.12.06-12.01.58:880][  0]LogConfig: Setting CVar [[r.DOF.Kernel.MaxForegroundRadius:0.025]]
[2019.12.06-12.01.58:880][  0]LogConfig: Setting CVar [[r.DOF.Kernel.MaxBackgroundRadius:0.025]]
[2019.12.06-12.01.58:880][  0]LogConfig: Applying CVar settings from Section [TextureQuality@3] File [C:/Users/asus/Documents/GitHub/ThirdPersonGame/GameMechanics/Saved/Config/Windows/Scalability.ini]
[2019.12.06-12.01.58:880][  0]LogConfig: Setting CVar [[r.Streaming.MipBias:0]]
[2019.12.06-12.01.58:880][  0]LogConfig: Setting CVar [[r.Streaming.AmortizeCPUToGPUCopy:0]]
[2019.12.06-12.01.58:880][  0]LogConfig: Setting CVar [[r.Streaming.MaxNumTexturesToStreamPerFrame:0]]
[2019.12.06-12.01.58:880][  0]LogConfig: Setting CVar [[r.Streaming.Boost:1]]
[2019.12.06-12.01.58:880][  0]LogConfig: Setting CVar [[r.MaxAnisotropy:8]]
[2019.12.06-12.01.58:880][  0]LogConfig: Setting CVar [[r.Streaming.LimitPoolSizeToVRAM:0]]
[2019.12.06-12.01.58:880][  0]LogConfig: Setting CVar [[r.Streaming.PoolSize:1000]]
[2019.12.06-12.01.58:880][  0]LogConfig: Setting CVar [[r.Streaming.MaxEffectiveScreenSize:0]]
[2019.12.06-12.01.58:880][  0]LogConfig: Applying CVar settings from Section [EffectsQuality@3] File [C:/Users/asus/Documents/GitHub/ThirdPersonGame/GameMechanics/Saved/Config/Windows/Scalability.ini]
[2019.12.06-12.01.58:880][  0]LogConfig: Setting CVar [[r.TranslucencyLightingVolumeDim:64]]
[2019.12.06-12.01.58:880][  0]LogConfig: Setting CVar [[r.RefractionQuality:2]]
[2019.12.06-12.01.58:880][  0]LogConfig: Setting CVar [[r.SSR.Quality:3]]
[2019.12.06-12.01.58:880][  0]LogConfig: Setting CVar [[r.SceneColorFormat:4]]
[2019.12.06-12.01.58:880][  0]LogConfig: Setting CVar [[r.DetailMode:2]]
[2019.12.06-12.01.58:880][  0]LogConfig: Setting CVar [[r.TranslucencyVolumeBlur:1]]
[2019.12.06-12.01.58:880][  0]LogConfig: Setting CVar [[r.MaterialQualityLevel:1 ; High quality]]
[2019.12.06-12.01.58:880][  0]LogConfig: Setting CVar [[r.SSS.Scale:1]]
[2019.12.06-12.01.58:880][  0]LogConfig: Setting CVar [[r.SSS.SampleSet:2]]
[2019.12.06-12.01.58:880][  0]LogConfig: Setting CVar [[r.SSS.Quality:1]]
[2019.12.06-12.01.58:880][  0]LogConfig: Setting CVar [[r.SSS.HalfRes:1]]
[2019.12.06-12.01.58:880][  0]LogConfig: Setting CVar [[r.EmitterSpawnRateScale:1.0]]
[2019.12.06-12.01.58:880][  0]LogConfig: Setting CVar [[r.ParticleLightQuality:2]]
[2019.12.06-12.01.58:880][  0]LogConfig: Applying CVar settings from Section [FoliageQuality@3] File [C:/Users/asus/Documents/GitHub/ThirdPersonGame/GameMechanics/Saved/Config/Windows/Scalability.ini]
[2019.12.06-12.01.58:880][  0]LogConfig: Setting CVar [[foliage.DensityScale:1.0]]
[2019.12.06-12.01.58:880][  0]LogConfig: Setting CVar [[grass.DensityScale:1.0]]
[2019.12.06-12.01.58:880][  0]LogConfig: Applying CVar settings from Section [Startup] File [../../../Engine/Config/ConsoleVariables.ini]
[2019.12.06-12.01.58:881][  0]LogConfig: Setting CVar [[net.UseAdaptiveNetUpdateFrequency:0]]
[2019.12.06-12.01.58:881][  0]LogConfig: Setting CVar [[p.chaos.AllowCreatePhysxBodies:1]]
[2019.12.06-12.01.58:881][  0]LogConfig: Applying CVar settings from Section [ConsoleVariables] File [C:/Users/asus/Documents/GitHub/ThirdPersonGame/GameMechanics/Saved/Config/Windows/Engine.ini]
[2019.12.06-12.01.58:881][  0]LogInit: Computer: DESKTOP-7QA18AQ
[2019.12.06-12.01.58:881][  0]LogInit: User: asus
[2019.12.06-12.01.58:881][  0]LogInit: CPU Page size=4096, Cores=4
[2019.12.06-12.01.58:881][  0]LogInit: High frequency timer resolution =10.000000 MHz
[2019.12.06-12.01.58:881][  0]LogMemory: Memory total: Physical=31.9GB (32GB approx)
[2019.12.06-12.01.58:881][  0]LogMemory: Platform Memory Stats for Windows
[2019.12.06-12.01.58:881][  0]LogMemory: Process Physical Memory: 97.89 MB used, 97.89 MB peak
[2019.12.06-12.01.58:881][  0]LogMemory: Process Virtual Memory: 96.11 MB used, 96.11 MB peak
[2019.12.06-12.01.58:881][  0]LogMemory: Physical Memory: 6493.21 MB used,  26210.36 MB free, 32703.57 MB total
[2019.12.06-12.01.58:881][  0]LogMemory: Virtual Memory: 4649.39 MB used,  134213080.00 MB free, 134217728.00 MB total
[2019.12.06-12.01.58:908][  0]LogInit: Using OS detected language (en-GB).
[2019.12.06-12.01.58:908][  0]LogInit: Using OS detected locale (en-GB).
[2019.12.06-12.01.58:909][  0]LogTextLocalizationManager: No specific localization for 'en-GB' exists, so the 'en' localization will be used.
[2019.12.06-12.01.59:116][  0]LogInit: Setting process to per monitor DPI aware
[2019.12.06-12.01.59:156][  0]LogSlate: New Slate User Created.  User Index 0, Is Virtual User: 0
[2019.12.06-12.01.59:156][  0]LogSlate: Slate User Registered.  User Index 0, Is Virtual User: 0
[2019.12.06-12.01.59:450][  0]LogHMD: Failed to initialize OpenVR with code 110
[2019.12.06-12.01.59:450][  0]LogD3D11RHI: D3D11 adapters:
[2019.12.06-12.01.59:506][  0]LogD3D11RHI:    0. 'NVIDIA GeForce GTX 980M' (Feature Level 11_0)
[2019.12.06-12.01.59:506][  0]LogD3D11RHI:       8152/0/16351 MB DedicatedVideo/DedicatedSystem/SharedSystem, Outputs:2, VendorId:0x10de
[2019.12.06-12.01.59:510][  0]LogD3D11RHI:    1. 'Microsoft Basic Render Driver' (Feature Level 11_0)
[2019.12.06-12.01.59:510][  0]LogD3D11RHI:       0/0/16351 MB DedicatedVideo/DedicatedSystem/SharedSystem, Outputs:0, VendorId:0x1414
[2019.12.06-12.01.59:510][  0]LogD3D11RHI: Chosen D3D11 Adapter: 0
[2019.12.06-12.01.59:517][  0]LogD3D11RHI: Creating new Direct3DDevice
[2019.12.06-12.01.59:517][  0]LogD3D11RHI:     GPU DeviceId: 0x1617 (for the marketing name, search the web for "GPU Device Id")
[2019.12.06-12.01.59:517][  0]LogWindows: EnumDisplayDevices:
[2019.12.06-12.01.59:517][  0]LogWindows:    0. 'NVIDIA GeForce GTX 980M' (P:1 D:1)
[2019.12.06-12.01.59:517][  0]LogWindows:    1. 'NVIDIA GeForce GTX 980M' (P:0 D:1)
[2019.12.06-12.01.59:517][  0]LogWindows:    2. 'NVIDIA GeForce GTX 980M' (P:0 D:0)
[2019.12.06-12.01.59:518][  0]LogWindows:    3. 'NVIDIA GeForce GTX 980M' (P:0 D:0)
[2019.12.06-12.01.59:518][  0]LogWindows: DebugString: FoundDriverCount:4 
[2019.12.06-12.01.59:518][  0]LogD3D11RHI:     Adapter Name: NVIDIA GeForce GTX 980M
[2019.12.06-12.01.59:518][  0]LogD3D11RHI:   Driver Version: 388.57 (internal:23.21.13.8857, unified:388.57)
[2019.12.06-12.01.59:518][  0]LogD3D11RHI:      Driver Date: 12-4-2017
[2019.12.06-12.01.59:518][  0]LogRHI: Texture pool is 5706 MB (70% of 8152 MB)
[2019.12.06-12.01.59:558][  0]LogD3D11RHI: Async texture creation enabled
[2019.12.06-12.01.59:563][  0]LogRendererCore: FGlobalReadBuffer::InitRHI
[2019.12.06-12.01.59:564][  0]LogRendererCore: FGlobalReadBuffer::InitRHI
[2019.12.06-12.01.59:564][  0]LogRendererCore: FGlobalReadBuffer::InitRHI
[2019.12.06-12.01.59:573][  0]LogD3D11RHI: GPU Timing Frequency: 1000.000000 (Debug: 2 1)
[2019.12.06-12.02.00:027][  0]LogTemp: Display: Module 'AllDesktopTargetPlatform' loaded TargetPlatform 'AllDesktop'
[2019.12.06-12.02.00:042][  0]LogTemp: Display: Module 'MacClientTargetPlatform' loaded TargetPlatform 'MacClient'
[2019.12.06-12.02.00:057][  0]LogTemp: Display: Module 'MacNoEditorTargetPlatform' loaded TargetPlatform 'MacNoEditor'
[2019.12.06-12.02.00:079][  0]LogTemp: Display: Module 'MacServerTargetPlatform' loaded TargetPlatform 'MacServer'
[2019.12.06-12.02.00:095][  0]LogTemp: Display: Module 'MacTargetPlatform' loaded TargetPlatform 'Mac'
[2019.12.06-12.02.00:111][  0]LogTemp: Display: Module 'WindowsClientTargetPlatform' loaded TargetPlatform 'WindowsClient'
[2019.12.06-12.02.00:132][  0]LogTemp: Display: Module 'WindowsNoEditorTargetPlatform' loaded TargetPlatform 'WindowsNoEditor'
[2019.12.06-12.02.00:150][  0]LogTemp: Display: Module 'WindowsServerTargetPlatform' loaded TargetPlatform 'WindowsServer'
[2019.12.06-12.02.00:159][  0]LogTemp: Display: Module 'WindowsTargetPlatform' loaded TargetPlatform 'Windows'
[2019.12.06-12.02.00:258][  0]LogTemp: Display: Module 'AndroidTargetPlatform' loaded TargetPlatform 'Android'
[2019.12.06-12.02.00:258][  0]LogTemp: Display: Module 'AndroidTargetPlatform' loaded TargetPlatform 'Android_ASTC'
[2019.12.06-12.02.00:258][  0]LogTemp: Display: Module 'AndroidTargetPlatform' loaded TargetPlatform 'Android_ATC'
[2019.12.06-12.02.00:258][  0]LogTemp: Display: Module 'AndroidTargetPlatform' loaded TargetPlatform 'Android_DXT'
[2019.12.06-12.02.00:258][  0]LogTemp: Display: Module 'AndroidTargetPlatform' loaded TargetPlatform 'Android_ETC1'
[2019.12.06-12.02.00:258][  0]LogTemp: Display: Module 'AndroidTargetPlatform' loaded TargetPlatform 'Android_ETC1a'
[2019.12.06-12.02.00:258][  0]LogTemp: Display: Module 'AndroidTargetPlatform' loaded TargetPlatform 'Android_ETC2'
[2019.12.06-12.02.00:258][  0]LogTemp: Display: Module 'AndroidTargetPlatform' loaded TargetPlatform 'Android_PVRTC'
[2019.12.06-12.02.00:258][  0]LogTemp: Display: Module 'AndroidTargetPlatform' loaded TargetPlatform 'AndroidClient'
[2019.12.06-12.02.00:258][  0]LogTemp: Display: Module 'AndroidTargetPlatform' loaded TargetPlatform 'Android_ASTCClient'
[2019.12.06-12.02.00:258][  0]LogTemp: Display: Module 'AndroidTargetPlatform' loaded TargetPlatform 'Android_ATCClient'
[2019.12.06-12.02.00:258][  0]LogTemp: Display: Module 'AndroidTargetPlatform' loaded TargetPlatform 'Android_DXTClient'
[2019.12.06-12.02.00:258][  0]LogTemp: Display: Module 'AndroidTargetPlatform' loaded TargetPlatform 'Android_ETC1Client'
[2019.12.06-12.02.00:258][  0]LogTemp: Display: Module 'AndroidTargetPlatform' loaded TargetPlatform 'Android_ETC1aClient'
[2019.12.06-12.02.00:258][  0]LogTemp: Display: Module 'AndroidTargetPlatform' loaded TargetPlatform 'Android_ETC2Client'
[2019.12.06-12.02.00:258][  0]LogTemp: Display: Module 'AndroidTargetPlatform' loaded TargetPlatform 'Android_PVRTCClient'
[2019.12.06-12.02.00:258][  0]LogTemp: Display: Module 'AndroidTargetPlatform' loaded TargetPlatform 'Android_Multi'
[2019.12.06-12.02.00:258][  0]LogTemp: Display: Module 'AndroidTargetPlatform' loaded TargetPlatform 'Android_MultiClient'
[2019.12.06-12.02.00:260][  0]LogTemp: Display: Module 'HTML5TargetPlatform' loaded TargetPlatform 'HTML5'
[2019.12.06-12.02.00:314][  0]LogTemp: Display: Module 'IOSTargetPlatform' loaded TargetPlatform 'IOSClient'
[2019.12.06-12.02.00:314][  0]LogTemp: Display: Module 'IOSTargetPlatform' loaded TargetPlatform 'IOS'
[2019.12.06-12.02.00:343][  0]LogTemp: Display: Module 'TVOSTargetPlatform' loaded TargetPlatform 'TVOSClient'
[2019.12.06-12.02.00:343][  0]LogTemp: Display: Module 'TVOSTargetPlatform' loaded TargetPlatform 'TVOS'
[2019.12.06-12.02.00:358][  0]LogTemp: Display: Module 'LinuxClientTargetPlatform' loaded TargetPlatform 'LinuxClient'
[2019.12.06-12.02.00:372][  0]LogTemp: Display: Module 'LinuxNoEditorTargetPlatform' loaded TargetPlatform 'LinuxNoEditor'
[2019.12.06-12.02.00:387][  0]LogTemp: Display: Module 'LinuxServerTargetPlatform' loaded TargetPlatform 'LinuxServer'
[2019.12.06-12.02.00:402][  0]LogTemp: Display: Module 'LinuxTargetPlatform' loaded TargetPlatform 'Linux'
[2019.12.06-12.02.00:456][  0]LogTemp: Display: Module 'LuminTargetPlatform' loaded TargetPlatform 'Lumin'
[2019.12.06-12.02.00:456][  0]LogTemp: Display: Module 'LuminTargetPlatform' loaded TargetPlatform 'LuminClient'
[2019.12.06-12.02.00:456][  0]LogTargetPlatformManager: Display: Building Assets For Windows
[2019.12.06-12.02.00:465][  0]LogAudioDebug: Display: Lib vorbis DLL was dynamically loaded.
[2019.12.06-12.02.00:513][  0]LogShaderCompilers: Guid format shader working directory is -16 characters bigger than the processId version (C:/Users/asus/Documents/GitHub/ThirdPersonGame/GameMechanics/Intermediate/Shaders/WorkingDirectory/14800/).
[2019.12.06-12.02.00:513][  0]LogShaderCompilers: Cleaned the shader compiler working directory 'C:/Users/asus/AppData/Local/Temp/UnrealShaderWorkingDir/BE1BA4BA43D2609D2725C689DC237248/'.
[2019.12.06-12.02.00:515][  0]LogXGEController: Cleaning working directory: C:/Users/asus/AppData/Local/Temp/UnrealXGEWorkingDir/
[2019.12.06-12.02.00:515][  0]LogXGEController: Cannot use XGE Controller as Incredibuild is not installed on this machine.
[2019.12.06-12.02.00:515][  0]LogShaderCompilers: Cannot use XGE Shader Compiler as Incredibuild is not installed on this machine.
[2019.12.06-12.02.00:515][  0]LogShaderCompilers: Display: Using Local Shader Compiler.
[2019.12.06-12.02.01:190][  0]LogDerivedDataCache: Display: Max Cache Size: 512 MB
[2019.12.06-12.02.01:258][  0]LogDerivedDataCache: Loaded boot cache 0.07s 107MB C:/Users/asus/AppData/Local/UnrealEngine/4.22/DerivedDataCache/Boot.ddc.
[2019.12.06-12.02.01:258][  0]LogDerivedDataCache: Display: Loaded Boot cache: C:/Users/asus/AppData/Local/UnrealEngine/4.22/DerivedDataCache/Boot.ddc
[2019.12.06-12.02.01:258][  0]LogDerivedDataCache: FDerivedDataBackendGraph:  Pak pak cache file C:/Users/asus/Documents/GitHub/ThirdPersonGame/GameMechanics/DerivedDataCache/DDC.ddp not found, will not use a pak cache.
[2019.12.06-12.02.01:258][  0]LogDerivedDataCache: Unable to find inner node Pak for hierarchical cache Hierarchy.
[2019.12.06-12.02.01:258][  0]LogDerivedDataCache: FDerivedDataBackendGraph:  CompressedPak pak cache file C:/Users/asus/Documents/GitHub/ThirdPersonGame/GameMechanics/DerivedDataCache/Compressed.ddp not found, will not use a pak cache.
[2019.12.06-12.02.01:258][  0]LogDerivedDataCache: Unable to find inner node CompressedPak for hierarchical cache Hierarchy.
[2019.12.06-12.02.01:273][  0]LogDerivedDataCache: Display: Pak cache opened for reading ../../../Engine/DerivedDataCache/Compressed.ddp.
[2019.12.06-12.02.01:274][  0]LogDerivedDataCache: FDerivedDataBackendGraph:  EnterprisePak pak cache file ../../../Enterprise/DerivedDataCache/Compressed.ddp not found, will not use a pak cache.
[2019.12.06-12.02.01:274][  0]LogDerivedDataCache: Unable to find inner node EnterprisePak for hierarchical cache Hierarchy.
[2019.12.06-12.02.01:286][  0]LogDerivedDataCache: Using Local data cache path C:/Users/asus/AppData/Local/UnrealEngine/Common/DerivedDataCache: Writable
[2019.12.06-12.02.01:286][  0]LogDerivedDataCache: Shared data cache path not found in *engine.ini, will not use an Shared cache.
[2019.12.06-12.02.01:286][  0]LogDerivedDataCache: Unable to find inner node Shared for hierarchical cache Hierarchy.
[2019.12.06-12.02.01:312][  0]LogMaterial: Verifying Global Shaders for PCD3D_SM5
[2019.12.06-12.02.01:314][  0]LogSlate: Using FreeType 2.6.0
[2019.12.06-12.02.01:315][  0]LogSlate: SlateFontServices - WITH_FREETYPE: 1, WITH_HARFBUZZ: 1
[2019.12.06-12.02.01:419][  0]LogAssetRegistry: FAssetRegistry took 0.0355 seconds to start up
[2019.12.06-12.02.01:835][  0]LogInit: Selected Device Profile: [Windows]
[2019.12.06-12.02.01:989][  0]LogMeshReduction: Using QuadricMeshReduction for automatic static mesh reduction
[2019.12.06-12.02.01:989][  0]LogMeshReduction: Using SimplygonMeshReduction for automatic skeletal mesh reduction
[2019.12.06-12.02.01:989][  0]LogMeshReduction: Using ProxyLODMeshReduction for automatic mesh merging
[2019.12.06-12.02.01:989][  0]LogMeshReduction: No distributed automatic mesh merging module available
[2019.12.06-12.02.01:989][  0]LogMeshMerging: No distributed automatic mesh merging module available
[2019.12.06-12.02.02:009][  0]LogNetVersion: GameMechanics 1.0.0, NetCL: 5660361, EngineNetVer: 10, GameNetVer: 0 (Checksum: 3173583059)
[2019.12.06-12.02.02:499][  0]LogPackageLocalizationCache: Processed 10 localized package path(s) for 1 prioritized culture(s) in 0.058208 seconds
[2019.12.06-12.02.02:506][  0]LogUObjectArray: 42205 objects as part of root set at end of initial load.
[2019.12.06-12.02.02:506][  0]LogUObjectAllocator: 7325032 out of 0 bytes used by permanent object pool.
[2019.12.06-12.02.02:506][  0]LogUObjectArray: CloseDisregardForGC: 0/0 objects in disregard for GC pool
[2019.12.06-12.02.03:560][  0]LogTcpMessaging: Initializing TcpMessaging bridge
[2019.12.06-12.02.03:574][  0]LogUdpMessaging: Initializing bridge on interface 0.0.0.0:0 to multicast group 230.0.0.1:6666.
[2019.12.06-12.02.03:660][  0]LogLinker: Warning: Can't find file '/Game/AdvancedMissionSys/Demo/UnrealEngine4/Mannequin/Animations/ThirdPerson_AnimBP'
[2019.12.06-12.02.03:660][  0]LogLinker: Warning: Can't find file for asset '/Game/AdvancedMissionSys/Demo/UnrealEngine4/Mannequin/Animations/ThirdPerson_AnimBP' while loading NULL.
[2019.12.06-12.02.03:660][  0]LogLinker: Warning: Can't find file '/Game/AdvancedMissionSys/Demo/UnrealEngine4/Mannequin/Animations/ThirdPerson_AnimBP'
[2019.12.06-12.02.03:660][  0]LogLinker: Warning: Can't find file for asset '/Game/AdvancedMissionSys/Demo/UnrealEngine4/Mannequin/Animations/ThirdPerson_AnimBP' while loading NULL.
[2019.12.06-12.02.03:661][  0]LogLinker: Warning: Can't find file '/Game/AdvancedMissionSys/Demo/UnrealEngine4/Mannequin/Character/Mesh/SK_Mannequin'
[2019.12.06-12.02.03:661][  0]LogLinker: Warning: Can't find file for asset '/Game/AdvancedMissionSys/Demo/UnrealEngine4/Mannequin/Character/Mesh/SK_Mannequin' while loading NULL.
[2019.12.06-12.02.03:661][  0]LogLinker: Warning: Can't find file '/Game/AdvancedMissionSys/Demo/UnrealEngine4/Mannequin/Character/Mesh/SK_Mannequin'
[2019.12.06-12.02.03:661][  0]LogLinker: Warning: Can't find file for asset '/Game/AdvancedMissionSys/Demo/UnrealEngine4/Mannequin/Character/Mesh/SK_Mannequin' while loading NULL.
[2019.12.06-12.02.03:662][  0]LogLinker: Warning: Can't find file '/Game/AdvancedMissionSys/Demo/UnrealEngine4/Mannequin/Animations/ThirdPerson_AnimBP'
[2019.12.06-12.02.03:662][  0]LogLinker: Warning: Can't find file for asset '/Game/AdvancedMissionSys/Demo/UnrealEngine4/Mannequin/Animations/ThirdPerson_AnimBP' while loading NULL.
[2019.12.06-12.02.03:662][  0]LogLinker: Warning: Can't find file '/Game/AdvancedMissionSys/Demo/UnrealEngine4/Mannequin/Animations/ThirdPerson_AnimBP'
[2019.12.06-12.02.03:662][  0]LogLinker: Warning: Can't find file for asset '/Game/AdvancedMissionSys/Demo/UnrealEngine4/Mannequin/Animations/ThirdPerson_AnimBP' while loading NULL.
[2019.12.06-12.02.03:662][  0]LogLinker: Warning: Can't find file '/Game/AdvancedMissionSys/Demo/UnrealEngine4/Mannequin/Character/Mesh/SK_Mannequin'
[2019.12.06-12.02.03:662][  0]LogLinker: Warning: Can't find file for asset '/Game/AdvancedMissionSys/Demo/UnrealEngine4/Mannequin/Character/Mesh/SK_Mannequin' while loading NULL.
[2019.12.06-12.02.03:663][  0]LogLinker: Warning: Can't find file '/Game/AdvancedMissionSys/Demo/UnrealEngine4/Mannequin/Character/Mesh/SK_Mannequin'
[2019.12.06-12.02.03:663][  0]LogLinker: Warning: Can't find file for asset '/Game/AdvancedMissionSys/Demo/UnrealEngine4/Mannequin/Character/Mesh/SK_Mannequin' while loading NULL.
[2019.12.06-12.02.03:664][  0]LogLinker: Warning: Can't find file '/Game/AdvancedMissionSys/Demo/UnrealEngine4/Mannequin/Animations/ThirdPerson_AnimBP'
[2019.12.06-12.02.03:664][  0]LoadErrors: Failed to load /Game/AdvancedMissionSys/Demo/UnrealEngine4/Mannequin/Animations/ThirdPerson_AnimBP.ThirdPerson_AnimBP_C Referenced by CharacterMesh0
[2019.12.06-12.02.03:664][  0]LogLinker: Warning: Can't find file for asset '/Game/AdvancedMissionSys/Demo/UnrealEngine4/Mannequin/Animations/ThirdPerson_AnimBP' while loading NULL.
[2019.12.06-12.02.03:664][  0]LogLinker: Warning: Can't find file '/Game/AdvancedMissionSys/Demo/UnrealEngine4/Mannequin/Character/Mesh/SK_Mannequin'
[2019.12.06-12.02.03:664][  0]LoadErrors: Failed to load /Game/AdvancedMissionSys/Demo/UnrealEngine4/Mannequin/Character/Mesh/SK_Mannequin.SK_Mannequin Referenced by CharacterMesh0
[2019.12.06-12.02.03:664][  0]LogLinker: Warning: Can't find file for asset '/Game/AdvancedMissionSys/Demo/UnrealEngine4/Mannequin/Character/Mesh/SK_Mannequin' while loading NULL.
[2019.12.06-12.02.03:706][  0]SourceControl: Source control is disabled
[2019.12.06-12.02.03:706][  0]SourceControl: Source control is disabled
[2019.12.06-12.02.03:708][  0]SourceControl: Source control is disabled
[2019.12.06-12.02.03:709][  0]SourceControl: Source control is disabled
[2019.12.06-12.02.03:797][  0]LogAndroidPermission: UAndroidPermissionCallbackProxy::GetInstance
[2019.12.06-12.02.03:929][  0]LogOcInput: OculusInput pre-init called
[2019.12.06-12.02.04:843][  0]LogEngine: Initializing Engine...
[2019.12.06-12.02.04:844][  0]LogHMD: Failed to initialize OpenVR with code 110
[2019.12.06-12.02.04:845][  0]LogStats: UGameplayTagsManager::InitializeManager -  0.000 s
[2019.12.06-12.02.05:083][  0]LogInit: Initializing FReadOnlyCVARCache
[2019.12.06-12.02.05:094][  0]LogAIModule: Creating AISystem for world Untitled
[2019.12.06-12.02.05:140][  0]LogInit: XAudio2 using '扬声器 (Realtek High Definition Audio)' : 2 channels at 48 kHz using 32 bits per sample (channel mask 0x3)
[2019.12.06-12.02.05:200][  0]LogInit: FAudioDevice initialized.
[2019.12.06-12.02.05:200][  0]LogNetVersion: Set ProjectVersion to 1.0.0.0. Version Checksum will be recalculated on next use.
[2019.12.06-12.02.05:287][  0]LogDerivedDataCache: Saved boot cache 0.09s 74MB C:/Users/asus/AppData/Local/UnrealEngine/4.22/DerivedDataCache/Boot.ddc.
[2019.12.06-12.02.05:297][  0]LogInit: Texture streaming: Enabled
[2019.12.06-12.02.05:313][  0]LogEngineSessionManager: EngineSessionManager initialized
[2019.12.06-12.02.05:331][  0]LogInit: Transaction tracking system initialized
[2019.12.06-12.02.05:355][  0]BlueprintLog: New page: Editor Load
[2019.12.06-12.02.05:430][  0]LocalizationService: Localization service is disabled
[2019.12.06-12.02.05:758][  0]LogCook: Display: Max memory allowance for cook 16384mb min free memory 0mb
[2019.12.06-12.02.05:758][  0]LogCook: Display: Mobile HDR setting 1
[2019.12.06-12.02.05:779][  0]LogFileCache: Scanning file cache for directory 'C:/Users/asus/Documents/GitHub/ThirdPersonGame/GameMechanics/Content/' took 0.02s
[2019.12.06-12.02.05:954][  0]SourceControl: Source control is disabled
[2019.12.06-12.02.05:954][  0]Cmd: MAP LOAD FILE="C:/Users/asus/Documents/GitHub/ThirdPersonGame/GameMechanics/Content/ThirdPersonCPP/Maps/ThirdPersonExampleMap.umap" TEMPLATE=0 SHOWPROGRESS=1 FEATURELEVEL=3
[2019.12.06-12.02.05:954][  0]LightingResults: New page: Lighting Build
[2019.12.06-12.02.05:957][  0]MapCheck: New page: Map Check
[2019.12.06-12.02.05:957][  0]LightingResults: New page: Lighting Build
[2019.12.06-12.02.05:985][  0]LogUObjectHash: Compacting FUObjectHashTables data took   1.91ms
[2019.12.06-12.02.06:219][  0]LogAIModule: Creating AISystem for world ThirdPersonExampleMap
[2019.12.06-12.02.06:231][  0]LogEditorServer: Finished looking for orphan Actors (0.000 secs)
[2019.12.06-12.02.06:262][  0]LogUObjectHash: Compacting FUObjectHashTables data took   2.72ms
[2019.12.06-12.02.06:262][  0]Cmd: MAP CHECKDEP NOCLEARLOG
[2019.12.06-12.02.06:262][  0]MapCheck: Map check complete: 0 Error(s), 0 Warning(s), took 0.154ms to complete.
[2019.12.06-12.02.06:262][  0]LogFileHelpers: Loading map 'ThirdPersonExampleMap' took 0.308
[2019.12.06-12.02.06:381][  0]LogSlate: Updating window title bar state: overlay mode, drag disabled, window buttons hidden, title bar hidden
[2019.12.06-12.02.06:389][  0]LogSlate: Updating window title bar state: overlay mode, drag disabled, window buttons hidden, title bar hidden
[2019.12.06-12.02.06:398][  0]LogSlate: Updating window title bar state: overlay mode, drag disabled, window buttons hidden, title bar hidden
[2019.12.06-12.02.06:407][  0]LogSlate: Updating window title bar state: overlay mode, drag disabled, window buttons hidden, title bar hidden
[2019.12.06-12.02.06:412][  0]LogCollectionManager: Loaded 0 collections in 0.001069 seconds
[2019.12.06-12.02.06:428][  0]LogFileCache: Scanning file cache for directory 'C:/Users/asus/Documents/GitHub/ThirdPersonGame/GameMechanics/Saved/Collections/' took 0.01s
[2019.12.06-12.02.06:428][  0]LogFileCache: Scanning file cache for directory 'C:/Users/asus/Documents/GitHub/ThirdPersonGame/GameMechanics/Content/Developers/asus/Collections/' took 0.00s
[2019.12.06-12.02.06:428][  0]LogFileCache: Scanning file cache for directory 'C:/Users/asus/Documents/GitHub/ThirdPersonGame/GameMechanics/Content/Collections/' took 0.00s
[2019.12.06-12.02.06:428][  0]LogCollectionManager: Rebuilt the GUID cache for 0 collections in 0.000000 seconds
[2019.12.06-12.02.06:439][  0]LogContentBrowser: Native class hierarchy populated in 0.0101 seconds. Added 2734 classes and 661 folders.
[2019.12.06-12.02.06:444][  0]LogContentBrowser: Native class hierarchy updated for 'WidgetCarousel' in 0.0003 seconds. Added 0 classes and 0 folders.
[2019.12.06-12.02.06:446][  0]LogPakFile: Registered encryption key '00000000000000000000000000000000': 0 pak files mounted, 0 remain pending
[2019.12.06-12.02.06:447][  0]LogPakFile: Registered encryption key '00000000000000000000000000000000': 0 pak files mounted, 0 remain pending
[2019.12.06-12.02.06:448][  0]LogPakFile: Registered encryption key '00000000000000000000000000000000': 0 pak files mounted, 0 remain pending
[2019.12.06-12.02.06:448][  0]LogPakFile: Registered encryption key '00000000000000000000000000000000': 0 pak files mounted, 0 remain pending
[2019.12.06-12.02.06:449][  0]LogPakFile: Registered encryption key '00000000000000000000000000000000': 0 pak files mounted, 0 remain pending
[2019.12.06-12.02.06:449][  0]LogPakFile: Registered encryption key '00000000000000000000000000000000': 0 pak files mounted, 0 remain pending
[2019.12.06-12.02.06:450][  0]LogPakFile: Registered encryption key '00000000000000000000000000000000': 0 pak files mounted, 0 remain pending
[2019.12.06-12.02.06:450][  0]LogPakFile: Registered encryption key '00000000000000000000000000000000': 0 pak files mounted, 0 remain pending
[2019.12.06-12.02.06:451][  0]LogPakFile: Registered encryption key '00000000000000000000000000000000': 0 pak files mounted, 0 remain pending
[2019.12.06-12.02.06:452][  0]LogPakFile: Registered encryption key '00000000000000000000000000000000': 0 pak files mounted, 0 remain pending
[2019.12.06-12.02.06:452][  0]LogPakFile: Registered encryption key '00000000000000000000000000000000': 0 pak files mounted, 0 remain pending
[2019.12.06-12.02.06:454][  0]LogPakFile: Registered encryption key '00000000000000000000000000000000': 0 pak files mounted, 0 remain pending
[2019.12.06-12.02.06:455][  0]LogPakFile: Registered encryption key '00000000000000000000000000000000': 0 pak files mounted, 0 remain pending
[2019.12.06-12.02.06:455][  0]LogPakFile: Registered encryption key '00000000000000000000000000000000': 0 pak files mounted, 0 remain pending
[2019.12.06-12.02.06:456][  0]LogPakFile: Registered encryption key '00000000000000000000000000000000': 0 pak files mounted, 0 remain pending
[2019.12.06-12.02.06:457][  0]LogPakFile: Registered encryption key '00000000000000000000000000000000': 0 pak files mounted, 0 remain pending
[2019.12.06-12.02.06:458][  0]LogPakFile: Registered encryption key '00000000000000000000000000000000': 0 pak files mounted, 0 remain pending
[2019.12.06-12.02.06:458][  0]LogPakFile: Registered encryption key '00000000000000000000000000000000': 0 pak files mounted, 0 remain pending
[2019.12.06-12.02.06:459][  0]LogPakFile: Registered encryption key '00000000000000000000000000000000': 0 pak files mounted, 0 remain pending
[2019.12.06-12.02.06:460][  0]LogPakFile: Registered encryption key '00000000000000000000000000000000': 0 pak files mounted, 0 remain pending
[2019.12.06-12.02.06:461][  0]LogPakFile: Registered encryption key '00000000000000000000000000000000': 0 pak files mounted, 0 remain pending
[2019.12.06-12.02.06:462][  0]LogPakFile: Registered encryption key '00000000000000000000000000000000': 0 pak files mounted, 0 remain pending
[2019.12.06-12.02.06:463][  0]LogPakFile: Registered encryption key '00000000000000000000000000000000': 0 pak files mounted, 0 remain pending
[2019.12.06-12.02.06:463][  0]LogPakFile: Registered encryption key '00000000000000000000000000000000': 0 pak files mounted, 0 remain pending
[2019.12.06-12.02.06:464][  0]LogPakFile: Registered encryption key '00000000000000000000000000000000': 0 pak files mounted, 0 remain pending
[2019.12.06-12.02.06:465][  0]LogPakFile: Registered encryption key '00000000000000000000000000000000': 0 pak files mounted, 0 remain pending
[2019.12.06-12.02.06:511][  0]LogContentBrowser: Native class hierarchy updated for 'AddContentDialog' in 0.0004 seconds. Added 0 classes and 0 folders.
[2019.12.06-12.02.06:516][  0]LogContentBrowser: Native class hierarchy updated for 'SceneOutliner' in 0.0004 seconds. Added 1 classes and 2 folders.
[2019.12.06-12.02.06:537][  0]LogSlate: Took 0.000250 seconds to synchronously load lazily loaded font '../../../Engine/Content/Slate/Fonts/Roboto-Regular.ttf' (155K)
[2019.12.06-12.02.06:540][  0]LogSlate: Took 0.000293 seconds to synchronously load lazily loaded font '../../../Engine/Content/Slate/Fonts/Roboto-Bold.ttf' (160K)
[2019.12.06-12.02.06:546][  0]LogSlate: Took 0.000267 seconds to synchronously load lazily loaded font '../../../Engine/Content/Editor/Slate/Fonts/FontAwesome.ttf' (139K)
[2019.12.06-12.02.06:629][  0]LogRenderer: Reallocating scene render targets to support 1208x572 Format 10 NumSamples 1 (Frame:1).
[2019.12.06-12.02.06:781][  0]LogContentBrowser: Native class hierarchy updated for 'HierarchicalLODOutliner' in 0.0004 seconds. Added 0 classes and 0 folders.
[2019.12.06-12.02.06:781][  0]LogLoad: (Engine Initialization) Total time: 10.14 seconds
[2019.12.06-12.02.06:781][  0]LogLoad: (Engine Initialization) Total Blueprint compile time: 0.00 seconds
[2019.12.06-12.02.06:826][  0]LogAssetRegistry: Asset discovery search completed in 5.4291 seconds
[2019.12.06-12.02.06:828][  0]LogCollectionManager: Rebuilt the object cache for 0 collections in 0.000000 seconds (found 0 objects)
[2019.12.06-12.02.06:828][  0]LogCollectionManager: Fixed up redirectors for 0 collections in 0.000047 seconds (updated 0 objects)
[2019.12.06-12.02.06:829][  0]LogContentStreaming: Texture pool size now 1000 MB
[2019.12.06-12.02.06:839][  0]LogSlate: FSceneViewport::OnFocusLost() reason 2
[2019.12.06-12.02.06:871][  0]LogSlate: Took 0.000206 seconds to synchronously load lazily loaded font '../../../Engine/Content/Slate/Fonts/Roboto-Light.ttf' (167K)
[2019.12.06-12.02.11:775][290]LogSlate: Window 'Message Log' being destroyed
[2019.12.06-12.02.11:782][290]LogSlate: Window 'Message Log' being destroyed
[2019.12.06-12.02.13:575][398]LogSlate: FSceneViewport::OnFocusLost() reason 0
[2019.12.06-12.02.13:671][402]LogUObjectHash: Compacting FUObjectHashTables data took   0.64ms
[2019.12.06-12.02.16:581][578]LogTemp: IOS device listing is disabled (to many failed attempts)!
[2019.12.06-12.03.58:892][714]LogEditorViewport: Clicking on Actor (LMB): StaticMeshActor (Floor)
[2019.12.06-12.04.00:949][832]LogSlate: FSceneViewport::OnFocusLost() reason 0
[2019.12.06-12.04.03:952][ 12]LogSlate: Took 0.000300 seconds to synchronously load lazily loaded font '../../../Engine/Content/Slate/Fonts/Roboto-Light.ttf' (167K)
[2019.12.06-12.04.03:960][ 12]LogAssetEditorManager: Opening Asset editor for Blueprint /Game/ThirdPersonCPP/Blueprints/ThirdPersonCharacter.ThirdPersonCharacter
[2019.12.06-12.04.04:243][ 12]LogContentBrowser: Native class hierarchy updated for 'BlueprintGraph' in 0.0007 seconds. Added 121 classes and 0 folders.
[2019.12.06-12.04.05:134][ 12]LogSlate: Took 0.000240 seconds to synchronously load lazily loaded font '../../../Engine/Content/Slate/Fonts/Roboto-BoldCondensed.ttf' (158K)
[2019.12.06-12.04.06:586][ 94]LogRenderer: Reallocating scene render targets to support 1208x712 Format 10 NumSamples 1 (Frame:1).
[2019.12.06-12.04.08:778][225]LogSlate: Took 0.000232 seconds to synchronously load lazily loaded font '../../../Engine/Content/Slate/Fonts/Roboto-Italic.ttf' (157K)
[2019.12.06-12.04.17:596][726]LogSlate: Prevented a slow task dialog from being summoned while a context menu was open
[2019.12.06-12.04.18:830][796]BlueprintLog: New page: Compile ThirdPersonCharacter
[2019.12.06-12.04.19:062][796]LogUObjectHash: Compacting FUObjectHashTables data took   3.27ms
[2019.12.06-12.04.19:469][814]LogSavePackage: Moving 'C:/Users/asus/Documents/GitHub/ThirdPersonGame/GameMechanics/Saved/ThirdPersonCharacter4B65A3044ADC1EEAF8C4E4986712AF19.tmp' to 'C:/Users/asus/Documents/GitHub/ThirdPersonGame/GameMechanics/Content/ThirdPersonCPP/Blueprints/ThirdPersonCharacter.uasset'
[2019.12.06-12.04.20:299][863]LogSlate: Window 'ThirdPersonCharacter' being destroyed
[2019.12.06-12.06.43:851][465]LogSlate: FSceneViewport::OnFocusLost() reason 0
[2019.12.06-12.06.43:901][468]LogTemp: Repeating last play command: Selected Viewport
[2019.12.06-12.06.43:917][468]LogBlueprintUserMessages: Early PlayInEditor Detection: Level '/Game/ThirdPersonCPP/Maps/ThirdPersonExampleMap.ThirdPersonExampleMap:PersistentLevel' has LevelScriptBlueprint '/Game/ThirdPersonCPP/Maps/ThirdPersonExampleMap.ThirdPersonExampleMap:PersistentLevel.ThirdPersonExampleMap' with GeneratedClass '/Game/ThirdPersonCPP/Maps/ThirdPersonExampleMap.ThirdPersonExampleMap_C' with ClassGeneratedBy '/Game/ThirdPersonCPP/Maps/ThirdPersonExampleMap.ThirdPersonExampleMap:PersistentLevel.ThirdPersonExampleMap'
[2019.12.06-12.06.43:917][468]LogPlayLevel: PlayLevel: No blueprints needed recompiling
[2019.12.06-12.06.43:918][468]PIE: New page: PIE session: ThirdPersonExampleMap (7 Dec 2019 04:06:43)
[2019.12.06-12.06.43:930][468]LogPlayLevel: Creating play world package: /Game/ThirdPersonCPP/Maps/UEDPIE_0_ThirdPersonExampleMap
[2019.12.06-12.06.43:948][468]LogPlayLevel: PIE: StaticDuplicateObject took: (0.017398s)
[2019.12.06-12.06.43:948][468]LogAIModule: Creating AISystem for world ThirdPersonExampleMap
[2019.12.06-12.06.43:948][468]LogPlayLevel: PIE: World Init took: (0.000651s)
[2019.12.06-12.06.43:948][468]LogPlayLevel: PIE: Created PIE world by copying editor world from /Game/ThirdPersonCPP/Maps/ThirdPersonExampleMap.ThirdPersonExampleMap to /Game/ThirdPersonCPP/Maps/UEDPIE_0_ThirdPersonExampleMap.ThirdPersonExampleMap (0.018452s)
[2019.12.06-12.06.43:987][468]LogUObjectHash: Compacting FUObjectHashTables data took   4.01ms
[2019.12.06-12.06.44:014][468]LogInit: XAudio2 using '扬声器 (Realtek High Definition Audio)' : 2 channels at 48 kHz using 32 bits per sample (channel mask 0x3)
[2019.12.06-12.06.44:066][468]LogInit: FAudioDevice initialized.
[2019.12.06-12.06.44:109][468]LogLoad: Game class is 'GameMechanicsGameMode'
[2019.12.06-12.06.44:117][468]LogWorld: Bringing World /Game/ThirdPersonCPP/Maps/UEDPIE_0_ThirdPersonExampleMap.ThirdPersonExampleMap up for play (max tick rate 60) at 2019.12.06-20.06.44
[2019.12.06-12.06.44:119][468]LogWorld: Bringing up level for play took: 0.005601
[2019.12.06-12.06.44:140][468]LogBlueprintActionDatabase: Requesting refresh due to module change: Voice (loaded)
[2019.12.06-12.06.44:145][468]LogBlueprintActionDatabase: Requesting refresh due to module change: MovieSceneCapture (loaded)
[2019.12.06-12.06.44:146][468]LogContentBrowser: Native class hierarchy updated for 'MovieSceneCapture' in 0.0013 seconds. Added 20 classes and 0 folders.
[2019.12.06-12.06.44:148][468]PIE: Play in editor start time for /Game/ThirdPersonCPP/Maps/UEDPIE_0_ThirdPersonExampleMap 0.715
[2019.12.06-12.06.44:148][468]LogBlueprintUserMessages: Late PlayInEditor Detection: Level '/Game/ThirdPersonCPP/Maps/ThirdPersonExampleMap.ThirdPersonExampleMap:PersistentLevel' has LevelScriptBlueprint '/Game/ThirdPersonCPP/Maps/ThirdPersonExampleMap.ThirdPersonExampleMap:PersistentLevel.ThirdPersonExampleMap' with GeneratedClass '/Game/ThirdPersonCPP/Maps/ThirdPersonExampleMap.ThirdPersonExampleMap_C' with ClassGeneratedBy '/Game/ThirdPersonCPP/Maps/ThirdPersonExampleMap.ThirdPersonExampleMap:PersistentLevel.ThirdPersonExampleMap'
[2019.12.06-12.07.11:124][ 67]LogBlueprintUserMessages: Early EndPlayMap Detection: Level '/Game/ThirdPersonCPP/Maps/ThirdPersonExampleMap.ThirdPersonExampleMap:PersistentLevel' has LevelScriptBlueprint '/Game/ThirdPersonCPP/Maps/ThirdPersonExampleMap.ThirdPersonExampleMap:PersistentLevel.ThirdPersonExampleMap' with GeneratedClass '/Game/ThirdPersonCPP/Maps/ThirdPersonExampleMap.ThirdPersonExampleMap_C' with ClassGeneratedBy '/Game/ThirdPersonCPP/Maps/ThirdPersonExampleMap.ThirdPersonExampleMap:PersistentLevel.ThirdPersonExampleMap'
[2019.12.06-12.07.11:124][ 67]LogSlate: Updating window title bar state: overlay mode, drag disabled, window buttons hidden, title bar hidden
[2019.12.06-12.07.11:158][ 67]LogPlayLevel: Display: Shutting down PIE online subsystems
[2019.12.06-12.07.11:158][ 67]LogBlueprintUserMessages: Late EndPlayMap Detection: Level '/Game/ThirdPersonCPP/Maps/ThirdPersonExampleMap.ThirdPersonExampleMap:PersistentLevel' has LevelScriptBlueprint '/Game/ThirdPersonCPP/Maps/ThirdPersonExampleMap.ThirdPersonExampleMap:PersistentLevel.ThirdPersonExampleMap' with GeneratedClass '/Game/ThirdPersonCPP/Maps/ThirdPersonExampleMap.ThirdPersonExampleMap_C' with ClassGeneratedBy '/Game/ThirdPersonCPP/Maps/ThirdPersonExampleMap.ThirdPersonExampleMap:PersistentLevel.ThirdPersonExampleMap'
[2019.12.06-12.07.11:237][ 67]LogSlate: Updating window title bar state: overlay mode, drag disabled, window buttons hidden, title bar hidden
[2019.12.06-12.07.11:273][ 67]LogUObjectHash: Compacting FUObjectHashTables data took   4.84ms
[2019.12.06-12.07.11:296][ 68]LogPlayLevel: Display: Destroying online subsystem :Context_6
[2019.12.06-12.07.17:650][447]LogSlate: FSceneViewport::OnFocusLost() reason 0
[2019.12.06-12.07.31:389][270]LogAssetEditorManager: Opening Asset editor for Blueprint /Game/Blueprints/Doors/DoorSlideButton.DoorSlideButton
[2019.12.06-12.07.40:732][791]LogSlate: FSceneViewport::OnFocusLost() reason 0
[2019.12.06-12.07.40:815][796]BlueprintLog: New page: Compile DoorSlideButton
[2019.12.06-12.07.41:060][796]LogUObjectHash: Compacting FUObjectHashTables data took   4.00ms
[2019.12.06-12.07.41:466][816]Cmd: OBJ SAVEPACKAGE PACKAGE="/Game/Blueprints/Doors/DoorSlideButton" FILE="C:/Users/asus/Documents/GitHub/ThirdPersonGame/GameMechanics/Content/Blueprints/Doors/DoorSlideButton.uasset" SILENT=true
[2019.12.06-12.07.41:510][816]LogSavePackage: Moving 'C:/Users/asus/Documents/GitHub/ThirdPersonGame/GameMechanics/Saved/DoorSlideButton9A25EF294A543FFEC9603AB764676001.tmp' to 'C:/Users/asus/Documents/GitHub/ThirdPersonGame/GameMechanics/Content/Blueprints/Doors/DoorSlideButton.uasset'
[2019.12.06-12.07.42:136][853]LogSlate: Window 'DoorSlideButton' being destroyed
[2019.12.06-12.07.43:265][916]LogAssetEditorManager: Opening Asset editor for Blueprint /Game/Blueprints/Doors/DoorSlideKey.DoorSlideKey
[2019.12.06-12.07.51:854][395]LogSlate: FSceneViewport::OnFocusLost() reason 0
[2019.12.06-12.07.51:921][399]BlueprintLog: New page: Compile DoorSlideKey
[2019.12.06-12.07.52:110][399]LogUObjectHash: Compacting FUObjectHashTables data took   3.57ms
[2019.12.06-12.07.52:430][414]Cmd: OBJ SAVEPACKAGE PACKAGE="/Game/Blueprints/Doors/DoorSlideKey" FILE="C:/Users/asus/Documents/GitHub/ThirdPersonGame/GameMechanics/Content/Blueprints/Doors/DoorSlideKey.uasset" SILENT=true
[2019.12.06-12.07.52:479][414]LogSavePackage: Moving 'C:/Users/asus/Documents/GitHub/ThirdPersonGame/GameMechanics/Saved/DoorSlideKeyB8BD1EE84510D0910395E8BA4FE49865.tmp' to 'C:/Users/asus/Documents/GitHub/ThirdPersonGame/GameMechanics/Content/Blueprints/Doors/DoorSlideKey.uasset'
[2019.12.06-12.07.53:238][459]LogSlate: Window 'DoorSlideKey' being destroyed
[2019.12.06-12.07.54:287][518]LogTemp: Repeating last play command: Selected Viewport
[2019.12.06-12.07.54:301][518]LogBlueprintUserMessages: Early PlayInEditor Detection: Level '/Game/ThirdPersonCPP/Maps/ThirdPersonExampleMap.ThirdPersonExampleMap:PersistentLevel' has LevelScriptBlueprint '/Game/ThirdPersonCPP/Maps/ThirdPersonExampleMap.ThirdPersonExampleMap:PersistentLevel.ThirdPersonExampleMap' with GeneratedClass '/Game/ThirdPersonCPP/Maps/ThirdPersonExampleMap.ThirdPersonExampleMap_C' with ClassGeneratedBy '/Game/ThirdPersonCPP/Maps/ThirdPersonExampleMap.ThirdPersonExampleMap:PersistentLevel.ThirdPersonExampleMap'
[2019.12.06-12.07.54:301][518]LogPlayLevel: PlayLevel: No blueprints needed recompiling
[2019.12.06-12.07.54:301][518]PIE: New page: PIE session: ThirdPersonExampleMap (7 Dec 2019 04:07:54)
[2019.12.06-12.07.54:301][518]LogPlayLevel: Creating play world package: /Game/ThirdPersonCPP/Maps/UEDPIE_0_ThirdPersonExampleMap
[2019.12.06-12.07.54:316][518]LogPlayLevel: PIE: StaticDuplicateObject took: (0.014798s)
[2019.12.06-12.07.54:316][518]LogAIModule: Creating AISystem for world ThirdPersonExampleMap
[2019.12.06-12.07.54:317][518]LogPlayLevel: PIE: World Init took: (0.000660s)
[2019.12.06-12.07.54:317][518]LogPlayLevel: PIE: Created PIE world by copying editor world from /Game/ThirdPersonCPP/Maps/ThirdPersonExampleMap.ThirdPersonExampleMap to /Game/ThirdPersonCPP/Maps/UEDPIE_0_ThirdPersonExampleMap.ThirdPersonExampleMap (0.015632s)
[2019.12.06-12.07.54:356][518]LogUObjectHash: Compacting FUObjectHashTables data took   3.99ms
[2019.12.06-12.07.54:383][518]LogInit: XAudio2 using '扬声器 (Realtek High Definition Audio)' : 2 channels at 48 kHz using 32 bits per sample (channel mask 0x3)
[2019.12.06-12.07.54:434][518]LogInit: FAudioDevice initialized.
[2019.12.06-12.07.54:464][518]LogLoad: Game class is 'GameMechanicsGameMode'
[2019.12.06-12.07.54:470][518]LogWorld: Bringing World /Game/ThirdPersonCPP/Maps/UEDPIE_0_ThirdPersonExampleMap.ThirdPersonExampleMap up for play (max tick rate 60) at 2019.12.06-20.07.54
[2019.12.06-12.07.54:470][518]LogWorld: Bringing up level for play took: 0.004394
[2019.12.06-12.07.54:485][518]PIE: Play in editor start time for /Game/ThirdPersonCPP/Maps/UEDPIE_0_ThirdPersonExampleMap 1.053
[2019.12.06-12.07.54:485][518]LogBlueprintUserMessages: Late PlayInEditor Detection: Level '/Game/ThirdPersonCPP/Maps/ThirdPersonExampleMap.ThirdPersonExampleMap:PersistentLevel' has LevelScriptBlueprint '/Game/ThirdPersonCPP/Maps/ThirdPersonExampleMap.ThirdPersonExampleMap:PersistentLevel.ThirdPersonExampleMap' with GeneratedClass '/Game/ThirdPersonCPP/Maps/ThirdPersonExampleMap.ThirdPersonExampleMap_C' with ClassGeneratedBy '/Game/ThirdPersonCPP/Maps/ThirdPersonExampleMap.ThirdPersonExampleMap:PersistentLevel.ThirdPersonExampleMap'
[2019.12.06-12.08.09:237][401]LogBlueprintUserMessages: Early EndPlayMap Detection: Level '/Game/ThirdPersonCPP/Maps/ThirdPersonExampleMap.ThirdPersonExampleMap:PersistentLevel' has LevelScriptBlueprint '/Game/ThirdPersonCPP/Maps/ThirdPersonExampleMap.ThirdPersonExampleMap:PersistentLevel.ThirdPersonExampleMap' with GeneratedClass '/Game/ThirdPersonCPP/Maps/ThirdPersonExampleMap.ThirdPersonExampleMap_C' with ClassGeneratedBy '/Game/ThirdPersonCPP/Maps/ThirdPersonExampleMap.ThirdPersonExampleMap:PersistentLevel.ThirdPersonExampleMap'
[2019.12.06-12.08.09:238][401]LogSlate: Updating window title bar state: overlay mode, drag disabled, window buttons hidden, title bar hidden
[2019.12.06-12.08.09:275][401]LogPlayLevel: Display: Shutting down PIE online subsystems
[2019.12.06-12.08.09:276][401]LogBlueprintUserMessages: Late EndPlayMap Detection: Level '/Game/ThirdPersonCPP/Maps/ThirdPersonExampleMap.ThirdPersonExampleMap:PersistentLevel' has LevelScriptBlueprint '/Game/ThirdPersonCPP/Maps/ThirdPersonExampleMap.ThirdPersonExampleMap:PersistentLevel.ThirdPersonExampleMap' with GeneratedClass '/Game/ThirdPersonCPP/Maps/ThirdPersonExampleMap.ThirdPersonExampleMap_C' with ClassGeneratedBy '/Game/ThirdPersonCPP/Maps/ThirdPersonExampleMap.ThirdPersonExampleMap:PersistentLevel.ThirdPersonExampleMap'
[2019.12.06-12.08.09:335][401]LogSlate: Updating window title bar state: overlay mode, drag disabled, window buttons hidden, title bar hidden
[2019.12.06-12.08.09:340][401]LogUObjectHash: Compacting FUObjectHashTables data took   2.36ms
[2019.12.06-12.08.09:362][402]LogPlayLevel: Display: Destroying online subsystem :Context_13
[2019.12.06-12.08.16:202][809]LogSlate: FSceneViewport::OnFocusLost() reason 0
[2019.12.06-12.08.16:361][818]LogAssetEditorManager: Opening Asset editor for Blueprint /Game/Blueprints/Doors/DoorSlideButton.DoorSlideButton
[2019.12.06-12.08.23:433][205]LogSlate: FSceneViewport::OnFocusLost() reason 0
[2019.12.06-12.08.23:499][209]BlueprintLog: New page: Compile DoorSlideButton
[2019.12.06-12.08.23:698][209]LogUObjectHash: Compacting FUObjectHashTables data took   3.06ms
[2019.12.06-12.08.24:068][227]Cmd: OBJ SAVEPACKAGE PACKAGE="/Game/Blueprints/Doors/DoorSlideButton" FILE="C:/Users/asus/Documents/GitHub/ThirdPersonGame/GameMechanics/Content/Blueprints/Doors/DoorSlideButton.uasset" SILENT=true
[2019.12.06-12.08.24:106][227]LogSavePackage: Moving 'C:/Users/asus/Documents/GitHub/ThirdPersonGame/GameMechanics/Saved/DoorSlideButtonECB2837F41E2FE6B1049D0B28A186210.tmp' to 'C:/Users/asus/Documents/GitHub/ThirdPersonGame/GameMechanics/Content/Blueprints/Doors/DoorSlideButton.uasset'
[2019.12.06-12.08.24:811][269]LogSlate: Window 'DoorSlideButton' being destroyed
[2019.12.06-12.08.26:134][344]LogAssetEditorManager: Opening Asset editor for Blueprint /Game/Blueprints/Doors/DoorSlideKey.DoorSlideKey
[2019.12.06-12.08.28:771][480]LogSlate: Window 'DoorSlideKey' being destroyed
[2019.12.06-12.08.36:564][942]LogSlate: FSceneViewport::OnFocusLost() reason 0
[2019.12.06-12.08.36:720][951]LogAssetEditorManager: Opening Asset editor for Blueprint /Game/Blueprints/Doors/DoorSlideKey.DoorSlideKey
[2019.12.06-12.08.44:059][357]LogSlate: FSceneViewport::OnFocusLost() reason 0
[2019.12.06-12.08.44:142][362]BlueprintLog: New page: Compile DoorSlideKey
[2019.12.06-12.08.44:337][362]LogUObjectHash: Compacting FUObjectHashTables data took   3.52ms
[2019.12.06-12.08.44:826][387]Cmd: OBJ SAVEPACKAGE PACKAGE="/Game/Blueprints/Doors/DoorSlideKey" FILE="C:/Users/asus/Documents/GitHub/ThirdPersonGame/GameMechanics/Content/Blueprints/Doors/DoorSlideKey.uasset" SILENT=true
[2019.12.06-12.08.44:868][387]LogSavePackage: Moving 'C:/Users/asus/Documents/GitHub/ThirdPersonGame/GameMechanics/Saved/DoorSlideKey4ECF139042A285C3AB5457BC6A134960.tmp' to 'C:/Users/asus/Documents/GitHub/ThirdPersonGame/GameMechanics/Content/Blueprints/Doors/DoorSlideKey.uasset'
[2019.12.06-12.08.45:831][444]LogSlate: Window 'DoorSlideKey' being destroyed
[2019.12.06-12.08.54:025][931]LogSlate: FSceneViewport::OnFocusLost() reason 0
[2019.12.06-12.08.54:107][934]LogUObjectHash: Compacting FUObjectHashTables data took   3.49ms
[2019.12.06-12.08.55:212][934]LogSlate: Window 'Save Content' being destroyed
[2019.12.06-12.08.55:261][934]LogUObjectHash: Compacting FUObjectHashTables data took   1.02ms
[2019.12.06-12.08.55:475][934]LogSavePackage: Moving 'C:/Users/asus/Documents/GitHub/ThirdPersonGame/GameMechanics/Saved/ThirdPersonExampleMap4A0B1C60471EA225E2F372BBC6996365.tmp' to 'C:/Users/asus/Documents/GitHub/ThirdPersonGame/GameMechanics/Content/ThirdPersonCPP/Maps/ThirdPersonExampleMap.umap'
[2019.12.06-12.08.55:507][934]LogFileHelpers: Saving map 'ThirdPersonExampleMap' took 0.278
